


ARM Macro Assembler    Page 1 


    1 00000000         ;*------------------------------------------------------
                       ----------------------
    2 00000000         ;* Name:    Lab_0_program.s 
    3 00000000         ;* Purpose: Teaching students how to work with the uVisi
                       on software 
    4 00000000         ;* Author:  Rasoul Keshavarzi 
    5 00000000         ;*------------------------------------------------------
                       ----------------------
    6 00000000                 THUMB                        ; Thumb instruction
                                                             set 
    7 00000000                 AREA             My_code, CODE, READONLY
    8 00000000                 EXPORT           __MAIN
    9 00000000                 ENTRY
   10 00000000         __MAIN                               ; This name should 
                                                            not be changed. It 
                                                            matches with the st
                                                            artup_LPC17xx.s fil
                                                            e. 
   11 00000000         
   12 00000000         ; Store 0x1234,5678 into memory address 0x1000,0000 in o
                       rder to see how the little-endian 
   13 00000000         ; approach writes data into memory 
   14 00000000 F245 6078       MOV              R0, #0x5678 ; Load the lower ha
                                                            lf of R0 and erase 
                                                            the upper half
   15 00000004 F2C1 2034       MOVT             R0, #0x1234 ; Load the upper ha
                                                            lf of R0 
   16 00000008 F04F 0100       MOV              R1, #0x0    ; Load the lower ha
                                                            lf of R1 with zeros
                                                             
   17 0000000C F2C1 0100       MOVT             R1, #0x1000 ; 0x1000,0000 is no
                                                            w stored in R1 
   18 00000010 6008            STR              R0, [R1]    ; Store Register R0
                                                             in the memory addr
                                                            ess pointed to by R
                                                            1 (0x1000,0000)
   19 00000012         
   20 00000012         ; Look at memory address 0x1000,0000 after the STore Reg
                       ister command runs
   21 00000012         
   22 00000012         ; Now Import values to registers - the values could be a
                       ddresses or data
   23 00000012 F240 1023       MOV              R0, #0x123  ; Loading 123 into 
                                                            R0 
   24 00000016 F240 4156       MOV              R1, #0x456  ; Loading 456 into 
                                                            R1 
   25 0000001A F240 7289       MOV              R2, #0x789  ; Loading 789 into 
                                                            R2 
   26 0000001E F640 23BC       MOV              R3, #0xABC  ; Loading ABC into 
                                                            R3 
   27 00000022 F640 54EF       MOV              R4, #0xDEF  ; Loading DEF into 
                                                            R4 
   28 00000026 F04F 0500       MOV              R5, #0x0    ; Loading R5 with z
                                                            eros 
   29 0000002A         
   30 0000002A         ; Swapping the values in R0 and R1 (R5 is used as tempor
                       ary buffer) 
   31 0000002A 4605            MOV              R5, R0      ; R5 <-- R0 (conten
                                                            t of R0 is stored i



ARM Macro Assembler    Page 2 


                                                            n R5) 
   32 0000002C 4608            MOV              R0, R1      ; R0 <-- R1 (conten
                                                            t of R1 is stored i
                                                            n R0) 
   33 0000002E 4629            MOV              R1, R5      ; R1 <-- R5 (conten
                                                            t of R5 is stored i
                                                            n R1) 
   34 00000030         
   35 00000030         ; Adding five values together R5 <-- R0+R1+R2+R3+R4 
   36 00000030 EB00 0501       ADD              R5, R0, R1  ; R5 <-- R0 + R1 
   37 00000034 4415            ADD              R5, R2      ; R5 <-- R5 + R2 
   38 00000036 441D            ADD              R5, R3      ; R5 <-- R5 + R3 
   39 00000038 4425            ADD              R5, R4      ; R5 <-- R5 + R4 
   40 0000003A         
   41 0000003A E7FE    LOOP    B                LOOP        ; Branch back to th
                                                            is line - an infini
                                                            te loop
   42 0000003C         
   43 0000003C                 END
Command Line: --debug --xref --diag_suppress=9931 --cpu=Cortex-M3 --apcs=interw
ork --depend=.\objects\lab_0_program.d -o.\objects\lab_0_program.o -I.\RTE\_LPC
1768_FLASH -IC:\Keil_v5\ARM\PACK\Keil\LPC1700_DFP\2.7.1\Device\Include -IC:\Kei
l_v5\ARM\CMSIS\Include --predefine="__EVAL SETA 1" --predefine="__UVISION_VERSI
ON SETA 529" --predefine="LPC175x_6x SETA 1" --list=.\listings\lab_0_program.ls
t Lab_0_program.s



ARM Macro Assembler    Page 1 Alphabetic symbol ordering
Relocatable symbols

LOOP 0000003A

Symbol: LOOP
   Definitions
      At line 41 in file Lab_0_program.s
   Uses
      At line 41 in file Lab_0_program.s
Comment: LOOP used once
My_code 00000000

Symbol: My_code
   Definitions
      At line 7 in file Lab_0_program.s
   Uses
      None
Comment: My_code unused
__MAIN 00000000

Symbol: __MAIN
   Definitions
      At line 10 in file Lab_0_program.s
   Uses
      At line 8 in file Lab_0_program.s
Comment: __MAIN used once
3 symbols
336 symbols in table
